{
  "RSpec": {
    "coverage": {
      "/Users/HUNTERTHEGREAT/Desktop/CoderTicket/app/helpers/application_helper.rb": [
        1,
        null,
        1,
        0,
        null,
        null,
        1,
        null,
        0,
        0,
        null,
        1,
        null,
        null
      ],
      "/Users/HUNTERTHEGREAT/Desktop/CoderTicket/app/helpers/events_helper.rb": [
        1,
        1,
        3,
        null,
        null
      ],
      "/Users/HUNTERTHEGREAT/Desktop/CoderTicket/app/helpers/orders_helper.rb": [
        1,
        null
      ],
      "/Users/HUNTERTHEGREAT/Desktop/CoderTicket/app/helpers/sessions_helper.rb": [
        1,
        null
      ],
      "/Users/HUNTERTHEGREAT/Desktop/CoderTicket/app/helpers/ticket_types_helper.rb": [
        1,
        null
      ],
      "/Users/HUNTERTHEGREAT/Desktop/CoderTicket/app/helpers/tickets_helper.rb": [
        1,
        null
      ],
      "/Users/HUNTERTHEGREAT/Desktop/CoderTicket/app/helpers/users_helper.rb": [
        1,
        null
      ],
      "/Users/HUNTERTHEGREAT/Desktop/CoderTicket/app/helpers/venues_helper.rb": [
        1,
        null
      ],
      "/Users/HUNTERTHEGREAT/Desktop/CoderTicket/app/controllers/events_controller.rb": [
        1,
        1,
        1,
        2,
        1,
        null,
        1,
        null,
        null,
        null,
        1,
        0,
        null,
        null,
        1,
        0,
        null,
        null,
        1,
        0,
        0,
        0,
        0,
        null,
        0,
        0,
        null,
        null,
        null,
        1,
        0,
        null,
        0,
        0,
        0,
        null,
        null,
        null,
        1,
        0,
        0,
        0,
        0,
        0,
        0,
        0,
        null,
        null,
        null,
        1,
        0,
        null,
        0,
        0,
        null,
        0,
        0,
        0,
        null,
        0,
        0,
        null,
        null,
        0,
        0,
        null,
        null,
        null,
        1,
        0,
        null,
        null,
        1,
        0,
        null,
        null,
        null
      ],
      "/Users/HUNTERTHEGREAT/Desktop/CoderTicket/app/controllers/application_controller.rb": [
        1,
        null,
        null,
        1,
        1,
        1,
        null,
        1,
        0,
        0,
        0,
        null,
        null,
        null,
        1,
        1,
        1,
        1,
        0,
        null,
        null,
        null,
        null
      ],
      "/Users/HUNTERTHEGREAT/Desktop/CoderTicket/app/controllers/ticket_types_controller.rb": [
        1,
        1,
        null,
        1,
        0,
        null,
        null,
        1,
        0,
        null,
        0,
        0,
        null,
        0,
        0,
        null,
        0,
        null,
        null,
        0,
        null,
        null,
        1,
        0,
        null,
        null
      ],
      "/Users/HUNTERTHEGREAT/Desktop/CoderTicket/app/models/event.rb": [
        1,
        1,
        1,
        1,
        null,
        1,
        1,
        null,
        1,
        0,
        0,
        null,
        null,
        null
      ],
      "/Users/HUNTERTHEGREAT/Desktop/CoderTicket/app/models/user.rb": [
        1,
        1,
        1,
        1,
        null,
        1,
        null
      ],
      "/Users/HUNTERTHEGREAT/Desktop/CoderTicket/app/models/venue.rb": [
        1,
        1,
        1,
        null
      ],
      "/Users/HUNTERTHEGREAT/Desktop/CoderTicket/app/controllers/users_controller.rb": [
        1,
        1,
        0,
        null,
        null,
        1,
        0,
        0,
        0,
        0,
        null,
        0,
        null,
        null,
        null,
        1,
        0,
        null,
        null
      ],
      "/Users/HUNTERTHEGREAT/Desktop/CoderTicket/app/controllers/sessions_controller.rb": [
        1,
        1,
        0,
        0,
        0,
        0,
        0,
        null,
        0,
        0,
        null,
        null,
        0,
        0,
        null,
        null,
        null,
        1,
        0,
        0,
        0,
        null,
        null
      ],
      "/Users/HUNTERTHEGREAT/Desktop/CoderTicket/app/models/category.rb": [
        1,
        1,
        1,
        null
      ],
      "/Users/HUNTERTHEGREAT/Desktop/CoderTicket/app/controllers/orders_controller.rb": [
        0,
        0,
        0,
        0,
        0,
        0,
        0,
        0,
        0,
        0,
        0,
        0,
        0,
        0,
        0,
        0,
        0,
        0,
        0,
        0,
        0,
        0,
        0,
        0,
        0,
        0,
        0,
        0,
        0,
        0,
        0,
        0,
        0,
        0,
        0
      ],
      "/Users/HUNTERTHEGREAT/Desktop/CoderTicket/app/controllers/tickets_controller.rb": [
        0,
        0,
        0,
        0,
        0
      ],
      "/Users/HUNTERTHEGREAT/Desktop/CoderTicket/app/controllers/venues_controller.rb": [
        0,
        0,
        0,
        0,
        0,
        0,
        0,
        0,
        0,
        0,
        0,
        0,
        0,
        0,
        0,
        0,
        0,
        0,
        0,
        0
      ],
      "/Users/HUNTERTHEGREAT/Desktop/CoderTicket/app/models/application_record.rb": [
        0,
        0,
        0
      ],
      "/Users/HUNTERTHEGREAT/Desktop/CoderTicket/app/models/order.rb": [
        0,
        0,
        0
      ],
      "/Users/HUNTERTHEGREAT/Desktop/CoderTicket/app/models/order_detail.rb": [
        0,
        0,
        0,
        0
      ],
      "/Users/HUNTERTHEGREAT/Desktop/CoderTicket/app/models/region.rb": [
        0,
        0,
        0,
        0
      ],
      "/Users/HUNTERTHEGREAT/Desktop/CoderTicket/app/models/ticket_type.rb": [
        0,
        0,
        0
      ]
    },
    "timestamp": 1477808393
  }
}
